Using pre-set license
Built from '2020.2/release' branch; Version is '2020.2.2f1 (068178b99f32) revision 426360'; Using compiler version '192528614'; Build Type 'Release'
OS: 'Windows 10 Pro; OS build 19041.264; Version 2004; 64bit' Language: 'en' Physical Memory: 16319 MB
BatchMode: 1, IsHumanControllingUs: 0, StartBugReporterOnCrash: 0, Is64bit: 1, IsPro: 0

 COMMAND LINE ARGUMENTS:
D:\Unity Editor\2020.2.2f1\Editor\Unity.exe
-adb2
-batchMode
-noUpm
-name
AssetImportWorker0
-projectPath
D:/unity/Elemental-Witch-scorespace12
-logFile
Logs/AssetImportWorker0.log
-srvPort
2752
Successfully changed project path to: D:/unity/Elemental-Witch-scorespace12
D:/unity/Elemental-Witch-scorespace12
Using Asset Import Pipeline V2.
Refreshing native plugins compatible for Editor in 32.41 ms, found 1 plugins.
Preloading 0 native plugins for Editor in 0.00 ms.
Initialize engine version: 2020.2.2f1 (068178b99f32)
[Subsystems] Discovering subsystems at path D:/Unity Editor/2020.2.2f1/Editor/Data/Resources/UnitySubsystems
[Subsystems] Discovering subsystems at path D:/unity/Elemental-Witch-scorespace12/Assets
GfxDevice: creating device client; threaded=0
Direct3D:
    Version:  Direct3D 11.0 [level 11.1]
    Renderer: NVIDIA GeForce GTX 1650 (ID=0x1f82)
    Vendor:   
    VRAM:     3962 MB
    Driver:   27.21.14.5206
Initialize mono
Mono path[0] = 'D:/Unity Editor/2020.2.2f1/Editor/Data/Managed'
Mono path[1] = 'D:/Unity Editor/2020.2.2f1/Editor/Data/MonoBleedingEdge/lib/mono/unityjit'
Mono config path = 'D:/Unity Editor/2020.2.2f1/Editor/Data/MonoBleedingEdge/etc'
Using monoOptions --debugger-agent=transport=dt_socket,embedding=1,server=y,suspend=n,address=127.0.0.1:56724
Begin MonoManager ReloadAssembly
Registering precompiled unity dll's ...
Register platform support module: D:/Unity Editor/2020.2.2f1/Editor/Data/PlaybackEngines/WindowsStandaloneSupport/UnityEditor.WindowsStandalone.Extensions.dll
Registered in 0.000960 seconds.
Native extension for WindowsStandalone target not found
Refreshing native plugins compatible for Editor in 32.70 ms, found 1 plugins.
Preloading 0 native plugins for Editor in 0.00 ms.
Invoked RoslynAnalysisRunner static constructor.
RoslynAnalysisRunner will not be running.
RoslynAnalysisRunner has terminated.
Mono: successfully reloaded assembly
- Completed reload, in  1.538 seconds
Platform modules already initialized, skipping
Registering precompiled user dll's ...
Registered in 0.000835 seconds.
Begin MonoManager ReloadAssembly
Native extension for WindowsStandalone target not found
Refreshing native plugins compatible for Editor in 34.21 ms, found 1 plugins.
Preloading 0 native plugins for Editor in 0.00 ms.
Invoked RoslynAnalysisRunner static constructor.
RoslynAnalysisRunner will not be running.
RoslynAnalysisRunner has terminated.
Mono: successfully reloaded assembly
- Completed reload, in  0.811 seconds
Platform modules already initialized, skipping
========================================================================
Worker process is ready to serve import requests
Launched and connected shader compiler UnityShaderCompiler.exe after 0.04 seconds
Refreshing native plugins compatible for Editor in 0.32 ms, found 1 plugins.
Preloading 0 native plugins for Editor in 0.00 ms.
Unloading 1806 Unused Serialized files (Serialized files now loaded: 0)
System memory in use before: 84.5 MB.
System memory in use after: 84.5 MB.

Unloading 24 unused Assets to reduce memory usage. Loaded Objects now: 2248.
Total: 1.930500 ms (FindLiveObjects: 0.200400 ms CreateObjectMapping: 0.081000 ms MarkObjects: 1.534700 ms  DeleteObjects: 0.113200 ms)

========================================================================
Received Import Request.
  path: Assets/Sprites/Generation II/Country.aseprite
  artifactKey: Guid(9c984450371189240b075c3982fe25df) Importer(815301076,1909f56bfc062723c751e8b465ee728b)
Start importing Assets/Sprites/Generation II/Country.aseprite using Guid(9c984450371189240b075c3982fe25df) Importer(815301076,1909f56bfc062723c751e8b465ee728b)  -> (artifact id: '06f6ba34bcd2a155e9ddd180b6106210') in 0.042713 seconds
  Import took 0.046158 seconds .

========================================================================
Received Import Request.
  Time since last request: 0.000307 seconds.
  path: Assets/Sprites/Generation II/Continent.aseprite
  artifactKey: Guid(d48bd6dd63c82f64397fa4ef75668521) Importer(815301076,1909f56bfc062723c751e8b465ee728b)
Start importing Assets/Sprites/Generation II/Continent.aseprite using Guid(d48bd6dd63c82f64397fa4ef75668521) Importer(815301076,1909f56bfc062723c751e8b465ee728b)  -> (artifact id: 'fcae6a972352614018ee1547434aaf5e') in 0.002079 seconds
  Import took 0.004951 seconds .

========================================================================
Received Import Request.
  Time since last request: 13.249782 seconds.
  path: Assets/Prefabs/Generation II/Steam.prefab
  artifactKey: Guid(197d998e4bfa80f458f9f76d81cfd61f) Importer(815301076,1909f56bfc062723c751e8b465ee728b)
Start importing Assets/Prefabs/Generation II/Steam.prefab using Guid(197d998e4bfa80f458f9f76d81cfd61f) Importer(815301076,1909f56bfc062723c751e8b465ee728b)  -> (artifact id: '64a37a57da1a1e6f487b0feed7966f48') in 0.064346 seconds
  Import took 0.069065 seconds .

========================================================================
Received Import Request.
  Time since last request: 2.992049 seconds.
  path: Assets/Prefabs/Generation II/Steam 1.prefab
  artifactKey: Guid(7f3c4e2b8d8d05a49b4833db218c095e) Importer(815301076,1909f56bfc062723c751e8b465ee728b)
Start importing Assets/Prefabs/Generation II/Steam 1.prefab using Guid(7f3c4e2b8d8d05a49b4833db218c095e) Importer(815301076,1909f56bfc062723c751e8b465ee728b)  -> (artifact id: 'db2ae5933d58df2b45a64c67d4192f85') in 0.013686 seconds
  Import took 0.017533 seconds .

========================================================================
Received Import Request.
  Time since last request: 0.405534 seconds.
  path: Assets/Prefabs/Generation II/Steam 2.prefab
  artifactKey: Guid(605acc338a2c7bb43904880af11f0a40) Importer(815301076,1909f56bfc062723c751e8b465ee728b)
Start importing Assets/Prefabs/Generation II/Steam 2.prefab using Guid(605acc338a2c7bb43904880af11f0a40) Importer(815301076,1909f56bfc062723c751e8b465ee728b)  -> (artifact id: '3326f8830d04f28398f9f8cff59807e5') in 0.006509 seconds
  Import took 0.010289 seconds .

========================================================================
Received Import Request.
  Time since last request: 1.657219 seconds.
  path: Assets/Prefabs/Generation II/Steam 3.prefab
  artifactKey: Guid(380c96174d7ecc0449d9f6b080fa17e4) Importer(815301076,1909f56bfc062723c751e8b465ee728b)
Start importing Assets/Prefabs/Generation II/Steam 3.prefab using Guid(380c96174d7ecc0449d9f6b080fa17e4) Importer(815301076,1909f56bfc062723c751e8b465ee728b)  -> (artifact id: 'c5b24983894ba838c57b102707924ad8') in 0.012291 seconds
  Import took 0.016368 seconds .

========================================================================
Received Import Request.
  Time since last request: 0.226556 seconds.
  path: Assets/Prefabs/Generation II/Steam 4.prefab
  artifactKey: Guid(53fef08254df8cc499aa600d66a1c03e) Importer(815301076,1909f56bfc062723c751e8b465ee728b)
Start importing Assets/Prefabs/Generation II/Steam 4.prefab using Guid(53fef08254df8cc499aa600d66a1c03e) Importer(815301076,1909f56bfc062723c751e8b465ee728b)  -> (artifact id: '347a281cbc821cbf737e5fc8e9682094') in 0.014254 seconds
  Import took 0.018730 seconds .

========================================================================
Received Import Request.
  Time since last request: 0.000620 seconds.
  path: Assets/Prefabs/Generation II/Steam 4.prefab
  artifactKey: Guid(53fef08254df8cc499aa600d66a1c03e) Importer(815301076,1909f56bfc062723c751e8b465ee728b)
Start importing Assets/Prefabs/Generation II/Steam 4.prefab using Guid(53fef08254df8cc499aa600d66a1c03e) Importer(815301076,1909f56bfc062723c751e8b465ee728b)  -> (artifact id: '347a281cbc821cbf737e5fc8e9682094') in 0.007517 seconds
  Import took 0.010228 seconds .

========================================================================
Received Import Request.
  Time since last request: 2.189932 seconds.
  path: Assets/Prefabs/Generation II/Smoke.prefab
  artifactKey: Guid(9dd428d24cdaf334c94fc6a033f3ffb3) Importer(815301076,1909f56bfc062723c751e8b465ee728b)
Start importing Assets/Prefabs/Generation II/Smoke.prefab using Guid(9dd428d24cdaf334c94fc6a033f3ffb3) Importer(815301076,1909f56bfc062723c751e8b465ee728b)  -> (artifact id: '9b33cb3c691e494064bf9fc6314a4813') in 0.008667 seconds
  Import took 0.012513 seconds .

========================================================================
Received Import Request.
  Time since last request: 2.398507 seconds.
  path: Assets/Prefabs/Generation II/Land.prefab
  artifactKey: Guid(7f3c4e2b8d8d05a49b4833db218c095e) Importer(815301076,1909f56bfc062723c751e8b465ee728b)
Start importing Assets/Prefabs/Generation II/Land.prefab using Guid(7f3c4e2b8d8d05a49b4833db218c095e) Importer(815301076,1909f56bfc062723c751e8b465ee728b)  -> (artifact id: '42cb819ccaa76e5ef4eb097b1c7e49c4') in 0.006449 seconds
  Import took 0.010371 seconds .

========================================================================
Received Import Request.
  Time since last request: 25.730715 seconds.
  path: Assets/Prefabs/Generation II/Country.prefab
  artifactKey: Guid(605acc338a2c7bb43904880af11f0a40) Importer(815301076,1909f56bfc062723c751e8b465ee728b)
Start importing Assets/Prefabs/Generation II/Country.prefab using Guid(605acc338a2c7bb43904880af11f0a40) Importer(815301076,1909f56bfc062723c751e8b465ee728b)  -> (artifact id: '1bfe85852f0ce8880391efa1d9077aee') in 0.018159 seconds
  Import took 0.022080 seconds .

========================================================================
Received Import Request.
  Time since last request: 6.782444 seconds.
  path: Assets/Prefabs/Generation II/Continent.prefab
  artifactKey: Guid(380c96174d7ecc0449d9f6b080fa17e4) Importer(815301076,1909f56bfc062723c751e8b465ee728b)
Start importing Assets/Prefabs/Generation II/Continent.prefab using Guid(380c96174d7ecc0449d9f6b080fa17e4) Importer(815301076,1909f56bfc062723c751e8b465ee728b)  -> (artifact id: '36bbbf0f9cd56d493d40e5139b61f71b') in 0.005422 seconds
  Import took 0.013903 seconds .

========================================================================
Received Import Request.
  Time since last request: 10.360132 seconds.
  path: Assets/Prefabs/Generation II/Earth.prefab
  artifactKey: Guid(53fef08254df8cc499aa600d66a1c03e) Importer(815301076,1909f56bfc062723c751e8b465ee728b)
Start importing Assets/Prefabs/Generation II/Earth.prefab using Guid(53fef08254df8cc499aa600d66a1c03e) Importer(815301076,1909f56bfc062723c751e8b465ee728b)  -> (artifact id: '158d8b72756f424381ba2aef2d09c076') in 0.013626 seconds
  Import took 0.017611 seconds .

========================================================================
Received Import Request.
  Time since last request: 24.382499 seconds.
  path: Assets/Prefabs/Generation II/Mud.prefab
  artifactKey: Guid(86b6305c5115d634789f82c8f7bfc066) Importer(815301076,1909f56bfc062723c751e8b465ee728b)
Start importing Assets/Prefabs/Generation II/Mud.prefab using Guid(86b6305c5115d634789f82c8f7bfc066) Importer(815301076,1909f56bfc062723c751e8b465ee728b)  -> (artifact id: '194bf21e7a44f37c50a45908911b83f0') in 0.007975 seconds
  Import took 0.011953 seconds .

========================================================================
Received Prepare
Registering precompiled user dll's ...
Registered in 0.000841 seconds.
Begin MonoManager ReloadAssembly
Native extension for WindowsStandalone target not found
Refreshing native plugins compatible for Editor in 0.32 ms, found 1 plugins.
Preloading 0 native plugins for Editor in 0.00 ms.
Invoked RoslynAnalysisRunner static constructor.
RoslynAnalysisRunner will not be running.
RoslynAnalysisRunner has terminated.
Mono: successfully reloaded assembly
- Completed reload, in  0.724 seconds
Platform modules already initialized, skipping
Refreshing native plugins compatible for Editor in 0.32 ms, found 1 plugins.
Preloading 0 native plugins for Editor in 0.00 ms.
Unloading 1801 Unused Serialized files (Serialized files now loaded: 0)
System memory in use before: 87.7 MB.
System memory in use after: 87.6 MB.

Unloading 12 unused Assets to reduce memory usage. Loaded Objects now: 2258.
Total: 2.278300 ms (FindLiveObjects: 0.168200 ms CreateObjectMapping: 0.066000 ms MarkObjects: 1.954700 ms  DeleteObjects: 0.088400 ms)

========================================================================
Received Import Request.
  Time since last request: 25.179868 seconds.
  path: Assets/Prefabs/Generation II/Lava.prefab
  artifactKey: Guid(7c5e9867eccdd864fbc76b77bcf0373c) Importer(815301076,1909f56bfc062723c751e8b465ee728b)
Start importing Assets/Prefabs/Generation II/Lava.prefab using Guid(7c5e9867eccdd864fbc76b77bcf0373c) Importer(815301076,1909f56bfc062723c751e8b465ee728b)  -> (artifact id: '374623db0c134651c22328c4602f1abc') in 0.045524 seconds
  Import took 0.062258 seconds .

========================================================================
Received Import Request.
  Time since last request: 7.353859 seconds.
  path: Assets/Prefabs/Generation II/Land.prefab
  artifactKey: Guid(7f3c4e2b8d8d05a49b4833db218c095e) Importer(815301076,1909f56bfc062723c751e8b465ee728b)
Start importing Assets/Prefabs/Generation II/Land.prefab using Guid(7f3c4e2b8d8d05a49b4833db218c095e) Importer(815301076,1909f56bfc062723c751e8b465ee728b)  -> (artifact id: '8cd4d832c2229644da47544ecb33a3fd') in 0.007843 seconds
  Import took 0.010791 seconds .

========================================================================
Received Import Request.
  Time since last request: 0.002230 seconds.
  path: Assets/Prefabs/Generation II/Land.prefab
  artifactKey: Guid(7f3c4e2b8d8d05a49b4833db218c095e) Importer(815301076,1909f56bfc062723c751e8b465ee728b)
Start importing Assets/Prefabs/Generation II/Land.prefab using Guid(7f3c4e2b8d8d05a49b4833db218c095e) Importer(815301076,1909f56bfc062723c751e8b465ee728b)  -> (artifact id: '8cd4d832c2229644da47544ecb33a3fd') in 0.011145 seconds
  Import took 0.014350 seconds .

========================================================================
Received Import Request.
  Time since last request: 0.717661 seconds.
  path: Assets/Prefabs/Generation II/Continent.prefab
  artifactKey: Guid(380c96174d7ecc0449d9f6b080fa17e4) Importer(815301076,1909f56bfc062723c751e8b465ee728b)
Start importing Assets/Prefabs/Generation II/Continent.prefab using Guid(380c96174d7ecc0449d9f6b080fa17e4) Importer(815301076,1909f56bfc062723c751e8b465ee728b)  -> (artifact id: '7baf4fdc9e6bce974628d0190e5e985b') in 0.007265 seconds
  Import took 0.020601 seconds .

========================================================================
Received Import Request.
  Time since last request: 0.000569 seconds.
  path: Assets/Prefabs/Generation II/Continent.prefab
  artifactKey: Guid(380c96174d7ecc0449d9f6b080fa17e4) Importer(815301076,1909f56bfc062723c751e8b465ee728b)
Start importing Assets/Prefabs/Generation II/Continent.prefab using Guid(380c96174d7ecc0449d9f6b080fa17e4) Importer(815301076,1909f56bfc062723c751e8b465ee728b)  -> (artifact id: '7baf4fdc9e6bce974628d0190e5e985b') in 0.006325 seconds
  Import took 0.009358 seconds .

========================================================================
Received Import Request.
  Time since last request: 3.000777 seconds.
  path: Assets/Prefabs/Generation II/Steam.prefab
  artifactKey: Guid(197d998e4bfa80f458f9f76d81cfd61f) Importer(815301076,1909f56bfc062723c751e8b465ee728b)
Start importing Assets/Prefabs/Generation II/Steam.prefab using Guid(197d998e4bfa80f458f9f76d81cfd61f) Importer(815301076,1909f56bfc062723c751e8b465ee728b)  -> (artifact id: 'f05735cf909ced8267eaebd65c40876b') in 0.007808 seconds
  Import took 0.010800 seconds .

========================================================================
Received Import Request.
  Time since last request: 3.310668 seconds.
  path: Assets/Prefabs/Generation II/Country.prefab
  artifactKey: Guid(605acc338a2c7bb43904880af11f0a40) Importer(815301076,1909f56bfc062723c751e8b465ee728b)
Start importing Assets/Prefabs/Generation II/Country.prefab using Guid(605acc338a2c7bb43904880af11f0a40) Importer(815301076,1909f56bfc062723c751e8b465ee728b)  -> (artifact id: '609fc2f421f8ec1f861417bd030ba1ac') in 0.008140 seconds
  Import took 0.017551 seconds .

========================================================================
Received Import Request.
  Time since last request: 0.001030 seconds.
  path: Assets/Prefabs/Generation II/Country.prefab
  artifactKey: Guid(605acc338a2c7bb43904880af11f0a40) Importer(815301076,1909f56bfc062723c751e8b465ee728b)
Start importing Assets/Prefabs/Generation II/Country.prefab using Guid(605acc338a2c7bb43904880af11f0a40) Importer(815301076,1909f56bfc062723c751e8b465ee728b)  -> (artifact id: '609fc2f421f8ec1f861417bd030ba1ac') in 0.010545 seconds
  Import took 0.013379 seconds .

========================================================================
Received Import Request.
  Time since last request: 8.875986 seconds.
  path: Assets/Prefabs/Generation II/Earth.prefab
  artifactKey: Guid(53fef08254df8cc499aa600d66a1c03e) Importer(815301076,1909f56bfc062723c751e8b465ee728b)
Start importing Assets/Prefabs/Generation II/Earth.prefab using Guid(53fef08254df8cc499aa600d66a1c03e) Importer(815301076,1909f56bfc062723c751e8b465ee728b)  -> (artifact id: 'f4b8ebbd319c19a45a22bc8097bea6b3') in 0.007101 seconds
  Import took 0.011021 seconds .

========================================================================
Received Import Request.
  Time since last request: 8.836917 seconds.
  path: Assets/Prefabs/Generation II/Land.prefab
  artifactKey: Guid(7f3c4e2b8d8d05a49b4833db218c095e) Importer(815301076,1909f56bfc062723c751e8b465ee728b)
Start importing Assets/Prefabs/Generation II/Land.prefab using Guid(7f3c4e2b8d8d05a49b4833db218c095e) Importer(815301076,1909f56bfc062723c751e8b465ee728b)  -> (artifact id: '05041461c4b8fe7de04aeffa04feb73e') in 0.005732 seconds
  Import took 0.009620 seconds .

========================================================================
Received Import Request.
  Time since last request: 7.366356 seconds.
  path: Assets/Prefabs/Generation II/Country.prefab
  artifactKey: Guid(605acc338a2c7bb43904880af11f0a40) Importer(815301076,1909f56bfc062723c751e8b465ee728b)
Start importing Assets/Prefabs/Generation II/Country.prefab using Guid(605acc338a2c7bb43904880af11f0a40) Importer(815301076,1909f56bfc062723c751e8b465ee728b)  -> (artifact id: '685e142e16e18fc3c32051eb7efda479') in 0.006568 seconds
  Import took 0.009815 seconds .

========================================================================
Received Import Request.
  Time since last request: 4.262903 seconds.
  path: Assets/Prefabs/Generation II/Continent.prefab
  artifactKey: Guid(380c96174d7ecc0449d9f6b080fa17e4) Importer(815301076,1909f56bfc062723c751e8b465ee728b)
Start importing Assets/Prefabs/Generation II/Continent.prefab using Guid(380c96174d7ecc0449d9f6b080fa17e4) Importer(815301076,1909f56bfc062723c751e8b465ee728b)  -> (artifact id: '971e4644eaff8d6ce58a24f353727d36') in 0.005828 seconds
  Import took 0.011044 seconds .

========================================================================
Received Import Request.
  Time since last request: 6.134179 seconds.
  path: Assets/Prefabs/Generation II/Earth.prefab
  artifactKey: Guid(53fef08254df8cc499aa600d66a1c03e) Importer(815301076,1909f56bfc062723c751e8b465ee728b)
Start importing Assets/Prefabs/Generation II/Earth.prefab using Guid(53fef08254df8cc499aa600d66a1c03e) Importer(815301076,1909f56bfc062723c751e8b465ee728b)  -> (artifact id: '67a054267f020ff7212686833fbf9f5d') in 0.011683 seconds
  Import took 0.014549 seconds .

========================================================================
Received Import Request.
  Time since last request: 113.923752 seconds.
  path: Assets/Prefabs/Generation I/Fire.prefab
  artifactKey: Guid(6d77d4b1af0c5da42908bf0ae03e1f14) Importer(815301076,1909f56bfc062723c751e8b465ee728b)
Start importing Assets/Prefabs/Generation I/Fire.prefab using Guid(6d77d4b1af0c5da42908bf0ae03e1f14) Importer(815301076,1909f56bfc062723c751e8b465ee728b)  -> (artifact id: 'fa4b4d5523e22cad89adf10fc818cac6') in 0.009375 seconds
  Import took 0.012523 seconds .

========================================================================
Received Import Request.
  Time since last request: 0.001384 seconds.
  path: Assets/Prefabs/Generation I/Fire.prefab
  artifactKey: Guid(6d77d4b1af0c5da42908bf0ae03e1f14) Importer(815301076,1909f56bfc062723c751e8b465ee728b)
Start importing Assets/Prefabs/Generation I/Fire.prefab using Guid(6d77d4b1af0c5da42908bf0ae03e1f14) Importer(815301076,1909f56bfc062723c751e8b465ee728b)  -> (artifact id: 'fa4b4d5523e22cad89adf10fc818cac6') in 0.006262 seconds
  Import took 0.009597 seconds .

========================================================================
Received Import Request.
  Time since last request: 180.755250 seconds.
  path: Assets/Sprites/Generation II/Continent.png
  artifactKey: Guid(844a8b295dce9be478045103d58d6498) Importer(815301076,1909f56bfc062723c751e8b465ee728b)
Start importing Assets/Sprites/Generation II/Continent.png using Guid(844a8b295dce9be478045103d58d6498) Importer(815301076,1909f56bfc062723c751e8b465ee728b)  -> (artifact id: 'd683103fece6ede509e97bde8c94082c') in 0.036073 seconds
  Import took 0.039399 seconds .

========================================================================
Received Import Request.
  Time since last request: 0.000232 seconds.
  path: Assets/Sprites/Generation II/Land.png
  artifactKey: Guid(3a1e729a2b963654eadbdc8acce4c5e9) Importer(815301076,1909f56bfc062723c751e8b465ee728b)
Start importing Assets/Sprites/Generation II/Land.png using Guid(3a1e729a2b963654eadbdc8acce4c5e9) Importer(815301076,1909f56bfc062723c751e8b465ee728b)  -> (artifact id: '6ca5ffbd024486acdbd9466e59911036') in 0.006252 seconds
  Import took 0.008999 seconds .

========================================================================
Received Import Request.
  Time since last request: 0.000260 seconds.
  path: Assets/Sprites/Generation II/Country.png
  artifactKey: Guid(451d65105ce344d42a19edef6a62ad2d) Importer(815301076,1909f56bfc062723c751e8b465ee728b)
Start importing Assets/Sprites/Generation II/Country.png using Guid(451d65105ce344d42a19edef6a62ad2d) Importer(815301076,1909f56bfc062723c751e8b465ee728b)  -> (artifact id: '9db99fac3b421e30853a2a63493f17c7') in 0.013860 seconds
  Import took 0.017545 seconds .

========================================================================
Received Import Request.
  Time since last request: 0.000247 seconds.
  path: Assets/Sprites/Generation II/Planet.png
  artifactKey: Guid(4dc60afbd1a2bef4daf0c93a84bee785) Importer(815301076,1909f56bfc062723c751e8b465ee728b)
Start importing Assets/Sprites/Generation II/Planet.png using Guid(4dc60afbd1a2bef4daf0c93a84bee785) Importer(815301076,1909f56bfc062723c751e8b465ee728b)  -> (artifact id: 'a415a2c035a5fea89c9fe1571bb1c94c') in 0.011362 seconds
  Import took 0.015442 seconds .

========================================================================
Received Import Request.
  Time since last request: 19.259259 seconds.
  path: Assets/Sprites/Generation II/Lava.png
  artifactKey: Guid(6bf997f31cb8c8142a1df8c000690982) Importer(815301076,1909f56bfc062723c751e8b465ee728b)
Start importing Assets/Sprites/Generation II/Lava.png using Guid(6bf997f31cb8c8142a1df8c000690982) Importer(815301076,1909f56bfc062723c751e8b465ee728b)  -> (artifact id: '228bbd0d73ddd8ecfde5df801b558bd2') in 0.009030 seconds
  Import took 0.012132 seconds .

========================================================================
Received Import Request.
  Time since last request: 14.402552 seconds.
  path: Assets/Sprites/Generation II/Continent.png
  artifactKey: Guid(844a8b295dce9be478045103d58d6498) Importer(815301076,1909f56bfc062723c751e8b465ee728b)
Start importing Assets/Sprites/Generation II/Continent.png using Guid(844a8b295dce9be478045103d58d6498) Importer(815301076,1909f56bfc062723c751e8b465ee728b)  -> (artifact id: '2d34649b3c08172c46576316891c452a') in 0.042828 seconds
  Import took 0.047140 seconds .

========================================================================
Received Import Request.
  Time since last request: 0.000309 seconds.
  path: Assets/Sprites/Generation II/Dust.png
  artifactKey: Guid(37be018098c97d143a7718b5466a9b1a) Importer(815301076,1909f56bfc062723c751e8b465ee728b)
Start importing Assets/Sprites/Generation II/Dust.png using Guid(37be018098c97d143a7718b5466a9b1a) Importer(815301076,1909f56bfc062723c751e8b465ee728b)  -> (artifact id: '40175a72391151030732b71e6e840481') in 0.010167 seconds
  Import took 0.014759 seconds .

========================================================================
Received Import Request.
  Time since last request: 0.000307 seconds.
  path: Assets/Sprites/Generation II/Steam.png
  artifactKey: Guid(585f2378858cdcb42a00fb9c68182b6d) Importer(815301076,1909f56bfc062723c751e8b465ee728b)
Start importing Assets/Sprites/Generation II/Steam.png using Guid(585f2378858cdcb42a00fb9c68182b6d) Importer(815301076,1909f56bfc062723c751e8b465ee728b)  -> (artifact id: 'c0af138efedaa74cfd55d53e0a0815b7') in 0.014622 seconds
  Import took 0.018279 seconds .

========================================================================
Received Import Request.
  Time since last request: 0.000298 seconds.
  path: Assets/Sprites/Generation II/Smoke.png
  artifactKey: Guid(7f1f04f24bd3e8e45886d2842b2a4038) Importer(815301076,1909f56bfc062723c751e8b465ee728b)
Start importing Assets/Sprites/Generation II/Smoke.png using Guid(7f1f04f24bd3e8e45886d2842b2a4038) Importer(815301076,1909f56bfc062723c751e8b465ee728b)  -> (artifact id: '97128a1dad3da20d22f53a7b538fc75b') in 0.016829 seconds
  Import took 0.019711 seconds .

========================================================================
Received Import Request.
  Time since last request: 0.000270 seconds.
  path: Assets/Sprites/Generation II/Land.png
  artifactKey: Guid(3a1e729a2b963654eadbdc8acce4c5e9) Importer(815301076,1909f56bfc062723c751e8b465ee728b)
Start importing Assets/Sprites/Generation II/Land.png using Guid(3a1e729a2b963654eadbdc8acce4c5e9) Importer(815301076,1909f56bfc062723c751e8b465ee728b)  -> (artifact id: '3a1659d0a5cae86c29d997583b1d9633') in 0.014371 seconds
  Import took 0.017529 seconds .

========================================================================
Received Import Request.
  Time since last request: 0.000250 seconds.
  path: Assets/Sprites/Generation II/Country.png
  artifactKey: Guid(451d65105ce344d42a19edef6a62ad2d) Importer(815301076,1909f56bfc062723c751e8b465ee728b)
Start importing Assets/Sprites/Generation II/Country.png using Guid(451d65105ce344d42a19edef6a62ad2d) Importer(815301076,1909f56bfc062723c751e8b465ee728b)  -> (artifact id: '85ca5df1b9c25fdf246b48ab1ae3b180') in 0.023070 seconds
  Import took 0.027220 seconds .

========================================================================
Received Import Request.
  Time since last request: 0.000236 seconds.
  path: Assets/Sprites/Generation II/Planet.png
  artifactKey: Guid(4dc60afbd1a2bef4daf0c93a84bee785) Importer(815301076,1909f56bfc062723c751e8b465ee728b)
Start importing Assets/Sprites/Generation II/Planet.png using Guid(4dc60afbd1a2bef4daf0c93a84bee785) Importer(815301076,1909f56bfc062723c751e8b465ee728b)  -> (artifact id: '239b46592a0760c5a04d5ea85a6bf8da') in 0.025199 seconds
  Import took 0.028871 seconds .

========================================================================
Received Import Request.
  Time since last request: 0.000292 seconds.
  path: Assets/Sprites/Generation II/Mist.png
  artifactKey: Guid(2126595a0297fdf448799265fc77e095) Importer(815301076,1909f56bfc062723c751e8b465ee728b)
Start importing Assets/Sprites/Generation II/Mist.png using Guid(2126595a0297fdf448799265fc77e095) Importer(815301076,1909f56bfc062723c751e8b465ee728b)  -> (artifact id: 'bb9aca20f04430d948a6de9ff9b6b201') in 0.018353 seconds
  Import took 0.021032 seconds .

========================================================================
Received Import Request.
  Time since last request: 0.000264 seconds.
  path: Assets/Sprites/Generation II/Mud.png
  artifactKey: Guid(114b02d6b700cfc4d89754563c8642ba) Importer(815301076,1909f56bfc062723c751e8b465ee728b)
Start importing Assets/Sprites/Generation II/Mud.png using Guid(114b02d6b700cfc4d89754563c8642ba) Importer(815301076,1909f56bfc062723c751e8b465ee728b)  -> (artifact id: 'f3fbd0555c1e4579f11b9a4fe2e3eec9') in 0.004487 seconds
  Import took 0.008393 seconds .

========================================================================
Received Import Request.
  Time since last request: 58.899730 seconds.
  path: Assets/Sprites/Generation II/Country.png
  artifactKey: Guid(451d65105ce344d42a19edef6a62ad2d) Importer(815301076,1909f56bfc062723c751e8b465ee728b)
Start importing Assets/Sprites/Generation II/Country.png using Guid(451d65105ce344d42a19edef6a62ad2d) Importer(815301076,1909f56bfc062723c751e8b465ee728b)  -> (artifact id: '811bb9ec54e618b50e9e5d34fecf928b') in 0.012344 seconds
  Import took 0.016367 seconds .

========================================================================
Received Import Request.
  Time since last request: 0.007158 seconds.
  path: Assets/Sprites/Generation II/Country.png
  artifactKey: Guid(451d65105ce344d42a19edef6a62ad2d) Importer(815301076,1909f56bfc062723c751e8b465ee728b)
Start importing Assets/Sprites/Generation II/Country.png using Guid(451d65105ce344d42a19edef6a62ad2d) Importer(815301076,1909f56bfc062723c751e8b465ee728b)  -> (artifact id: '811bb9ec54e618b50e9e5d34fecf928b') in 0.020907 seconds
  Import took 0.023813 seconds .

========================================================================
Received Prepare
Registering precompiled user dll's ...
Registered in 0.000779 seconds.
Begin MonoManager ReloadAssembly
Native extension for WindowsStandalone target not found
Refreshing native plugins compatible for Editor in 0.32 ms, found 1 plugins.
Preloading 0 native plugins for Editor in 0.00 ms.
Invoked RoslynAnalysisRunner static constructor.
RoslynAnalysisRunner will not be running.
RoslynAnalysisRunner has terminated.
Mono: successfully reloaded assembly
- Completed reload, in  0.710 seconds
Platform modules already initialized, skipping
Refreshing native plugins compatible for Editor in 0.34 ms, found 1 plugins.
Preloading 0 native plugins for Editor in 0.00 ms.
Unloading 1801 Unused Serialized files (Serialized files now loaded: 0)
System memory in use before: 87.8 MB.
System memory in use after: 87.8 MB.

Unloading 12 unused Assets to reduce memory usage. Loaded Objects now: 2265.
Total: 1.736000 ms (FindLiveObjects: 0.167100 ms CreateObjectMapping: 0.059000 ms MarkObjects: 1.420100 ms  DeleteObjects: 0.089100 ms)

========================================================================
Received Prepare
Registering precompiled user dll's ...
Registered in 0.001062 seconds.
Begin MonoManager ReloadAssembly
Native extension for WindowsStandalone target not found
Refreshing native plugins compatible for Editor in 0.32 ms, found 1 plugins.
Preloading 0 native plugins for Editor in 0.00 ms.
Invoked RoslynAnalysisRunner static constructor.
RoslynAnalysisRunner will not be running.
RoslynAnalysisRunner has terminated.
Mono: successfully reloaded assembly
- Completed reload, in  0.714 seconds
Platform modules already initialized, skipping
Refreshing native plugins compatible for Editor in 0.32 ms, found 1 plugins.
Preloading 0 native plugins for Editor in 0.00 ms.
Unloading 1801 Unused Serialized files (Serialized files now loaded: 0)
System memory in use before: 87.9 MB.
System memory in use after: 87.9 MB.

Unloading 12 unused Assets to reduce memory usage. Loaded Objects now: 2268.
Total: 1.681400 ms (FindLiveObjects: 0.154000 ms CreateObjectMapping: 0.057000 ms MarkObjects: 1.383000 ms  DeleteObjects: 0.086500 ms)

========================================================================
Received Import Request.
  Time since last request: 169.122781 seconds.
  path: Assets/Prefabs/Generation II/Land.prefab
  artifactKey: Guid(7f3c4e2b8d8d05a49b4833db218c095e) Importer(815301076,1909f56bfc062723c751e8b465ee728b)
Start importing Assets/Prefabs/Generation II/Land.prefab using Guid(7f3c4e2b8d8d05a49b4833db218c095e) Importer(815301076,1909f56bfc062723c751e8b465ee728b)  -> (artifact id: '5b179121ed0b66096d18bf593fa76d30') in 0.046365 seconds
  Import took 0.049554 seconds .

========================================================================
Received Prepare
Registering precompiled user dll's ...
Registered in 0.000810 seconds.
Begin MonoManager ReloadAssembly
Native extension for WindowsStandalone target not found
Refreshing native plugins compatible for Editor in 0.34 ms, found 1 plugins.
Preloading 0 native plugins for Editor in 0.00 ms.
Invoked RoslynAnalysisRunner static constructor.
RoslynAnalysisRunner will not be running.
RoslynAnalysisRunner has terminated.
Mono: successfully reloaded assembly
- Completed reload, in  0.723 seconds
Platform modules already initialized, skipping
Refreshing native plugins compatible for Editor in 0.32 ms, found 1 plugins.
Preloading 0 native plugins for Editor in 0.00 ms.
Unloading 1801 Unused Serialized files (Serialized files now loaded: 0)
System memory in use before: 88.0 MB.
System memory in use after: 88.0 MB.

Unloading 12 unused Assets to reduce memory usage. Loaded Objects now: 2272.
Total: 1.848900 ms (FindLiveObjects: 0.182500 ms CreateObjectMapping: 0.069500 ms MarkObjects: 1.505800 ms  DeleteObjects: 0.090000 ms)

========================================================================
Received Import Request.
  Time since last request: 42.004637 seconds.
  path: Assets/Prefabs/Generation I/Fire.prefab
  artifactKey: Guid(6d77d4b1af0c5da42908bf0ae03e1f14) Importer(815301076,1909f56bfc062723c751e8b465ee728b)
Start importing Assets/Prefabs/Generation I/Fire.prefab using Guid(6d77d4b1af0c5da42908bf0ae03e1f14) Importer(815301076,1909f56bfc062723c751e8b465ee728b)  -> (artifact id: 'd91185360cf0255999de17f7559fdd01') in 0.044914 seconds
  Import took 0.049191 seconds .

========================================================================
Received Import Request.
  Time since last request: 1.071333 seconds.
  path: Assets/Prefabs/Generation I/Rock.prefab
  artifactKey: Guid(c7197b2085edac3449314cf7a1a3f044) Importer(815301076,1909f56bfc062723c751e8b465ee728b)
Start importing Assets/Prefabs/Generation I/Rock.prefab using Guid(c7197b2085edac3449314cf7a1a3f044) Importer(815301076,1909f56bfc062723c751e8b465ee728b)  -> (artifact id: '16e27b7bd87a06d67b7bc8ba86fb9953') in 0.006164 seconds
  Import took 0.013048 seconds .

========================================================================
Received Import Request.
  Time since last request: 2.673513 seconds.
  path: Assets/Prefabs/Generation I/Rock.prefab
  artifactKey: Guid(c7197b2085edac3449314cf7a1a3f044) Importer(815301076,1909f56bfc062723c751e8b465ee728b)
Start importing Assets/Prefabs/Generation I/Rock.prefab using Guid(c7197b2085edac3449314cf7a1a3f044) Importer(815301076,1909f56bfc062723c751e8b465ee728b)  -> (artifact id: '262c051344bd47de7eb95cf27ac66f94') in 0.005562 seconds
  Import took 0.009245 seconds .

========================================================================
Received Import Request.
  Time since last request: 2.851804 seconds.
  path: Assets/Prefabs/Generation I/Water.prefab
  artifactKey: Guid(51c17c12558e6d84fab4d4fa18d48702) Importer(815301076,1909f56bfc062723c751e8b465ee728b)
Start importing Assets/Prefabs/Generation I/Water.prefab using Guid(51c17c12558e6d84fab4d4fa18d48702) Importer(815301076,1909f56bfc062723c751e8b465ee728b)  -> (artifact id: 'a51405e7ae3fb32879563e543810f77f') in 0.006301 seconds
  Import took 0.011097 seconds .

========================================================================
Received Import Request.
  Time since last request: 3.150840 seconds.
  path: Assets/Prefabs/Generation I/Water.prefab
  artifactKey: Guid(51c17c12558e6d84fab4d4fa18d48702) Importer(815301076,1909f56bfc062723c751e8b465ee728b)
Start importing Assets/Prefabs/Generation I/Water.prefab using Guid(51c17c12558e6d84fab4d4fa18d48702) Importer(815301076,1909f56bfc062723c751e8b465ee728b)  -> (artifact id: '1274dfe7c93e3e31362e191c9fd5562e') in 0.006424 seconds
  Import took 0.010223 seconds .

========================================================================
Received Import Request.
  Time since last request: 4.254574 seconds.
  path: Assets/Prefabs/Generation I/Wind.prefab
  artifactKey: Guid(7698ae1a1d0fe4d498db2a6054926898) Importer(815301076,1909f56bfc062723c751e8b465ee728b)
Start importing Assets/Prefabs/Generation I/Wind.prefab using Guid(7698ae1a1d0fe4d498db2a6054926898) Importer(815301076,1909f56bfc062723c751e8b465ee728b)  -> (artifact id: 'd248a83a11ceb053c43d6bec412961b8') in 0.009685 seconds
  Import took 0.012569 seconds .

========================================================================
Received Import Request.
  Time since last request: 2.475105 seconds.
  path: Assets/Prefabs/Generation I/Wind.prefab
  artifactKey: Guid(7698ae1a1d0fe4d498db2a6054926898) Importer(815301076,1909f56bfc062723c751e8b465ee728b)
Start importing Assets/Prefabs/Generation I/Wind.prefab using Guid(7698ae1a1d0fe4d498db2a6054926898) Importer(815301076,1909f56bfc062723c751e8b465ee728b)  -> (artifact id: 'e8875026fc4714011d82c1560cb47f9d') in 0.005939 seconds
  Import took 0.011094 seconds .

========================================================================
Received Import Request.
  Time since last request: 7.936392 seconds.
  path: Assets/Prefabs/Generation II/Continent.prefab
  artifactKey: Guid(380c96174d7ecc0449d9f6b080fa17e4) Importer(815301076,1909f56bfc062723c751e8b465ee728b)
Start importing Assets/Prefabs/Generation II/Continent.prefab using Guid(380c96174d7ecc0449d9f6b080fa17e4) Importer(815301076,1909f56bfc062723c751e8b465ee728b)  -> (artifact id: '731950222270cc4afc60803ec4588778') in 0.008888 seconds
  Import took 0.023026 seconds .

========================================================================
Received Import Request.
  Time since last request: 4.244280 seconds.
  path: Assets/Prefabs/Generation II/Country.prefab
  artifactKey: Guid(605acc338a2c7bb43904880af11f0a40) Importer(815301076,1909f56bfc062723c751e8b465ee728b)
Start importing Assets/Prefabs/Generation II/Country.prefab using Guid(605acc338a2c7bb43904880af11f0a40) Importer(815301076,1909f56bfc062723c751e8b465ee728b)  -> (artifact id: '67620bd3fde2d4fb0fa2965b4d46ab60') in 0.008081 seconds
  Import took 0.011053 seconds .

========================================================================
Received Import Request.
  Time since last request: 1.311051 seconds.
  path: Assets/Prefabs/Generation II/Dust.prefab
  artifactKey: Guid(cd37fda95cf2487429d061e2d4e5ddb4) Importer(815301076,1909f56bfc062723c751e8b465ee728b)
Start importing Assets/Prefabs/Generation II/Dust.prefab using Guid(cd37fda95cf2487429d061e2d4e5ddb4) Importer(815301076,1909f56bfc062723c751e8b465ee728b)  -> (artifact id: 'bc9a7cbb95cc21ef740e25974fb087c8') in 0.006479 seconds
  Import took 0.010809 seconds .

========================================================================
Received Import Request.
  Time since last request: 3.498108 seconds.
  path: Assets/Prefabs/Generation II/Dust.prefab
  artifactKey: Guid(cd37fda95cf2487429d061e2d4e5ddb4) Importer(815301076,1909f56bfc062723c751e8b465ee728b)
Start importing Assets/Prefabs/Generation II/Dust.prefab using Guid(cd37fda95cf2487429d061e2d4e5ddb4) Importer(815301076,1909f56bfc062723c751e8b465ee728b)  -> (artifact id: 'd88b53601646a4a800143355d30a9a6d') in 0.010778 seconds
  Import took 0.013625 seconds .

========================================================================
Received Import Request.
  Time since last request: 5.820995 seconds.
  path: Assets/Prefabs/Generation II/Earth.prefab
  artifactKey: Guid(53fef08254df8cc499aa600d66a1c03e) Importer(815301076,1909f56bfc062723c751e8b465ee728b)
Start importing Assets/Prefabs/Generation II/Earth.prefab using Guid(53fef08254df8cc499aa600d66a1c03e) Importer(815301076,1909f56bfc062723c751e8b465ee728b)  -> (artifact id: 'bbac183c063513f13909f6d1546befe9') in 0.008595 seconds
  Import took 0.011436 seconds .

========================================================================
Received Import Request.
  Time since last request: 11.185543 seconds.
  path: Assets/Prefabs/Generation II/Continent.prefab
  artifactKey: Guid(380c96174d7ecc0449d9f6b080fa17e4) Importer(815301076,1909f56bfc062723c751e8b465ee728b)
Start importing Assets/Prefabs/Generation II/Continent.prefab using Guid(380c96174d7ecc0449d9f6b080fa17e4) Importer(815301076,1909f56bfc062723c751e8b465ee728b)  -> (artifact id: 'dc28e8f74b9b96231a8a0ceeed192ea6') in 0.006412 seconds
  Import took 0.010554 seconds .

========================================================================
Received Import Request.
  Time since last request: 3.367533 seconds.
  path: Assets/Prefabs/Generation II/Country.prefab
  artifactKey: Guid(605acc338a2c7bb43904880af11f0a40) Importer(815301076,1909f56bfc062723c751e8b465ee728b)
Start importing Assets/Prefabs/Generation II/Country.prefab using Guid(605acc338a2c7bb43904880af11f0a40) Importer(815301076,1909f56bfc062723c751e8b465ee728b)  -> (artifact id: '8ab4694b41cf2ea8745aa0fd6778f5df') in 0.005736 seconds
  Import took 0.008579 seconds .

========================================================================
Received Import Request.
  Time since last request: 23.229924 seconds.
  path: Assets/Sprites/Generation II/Country.png
  artifactKey: Guid(451d65105ce344d42a19edef6a62ad2d) Importer(815301076,1909f56bfc062723c751e8b465ee728b)
Start importing Assets/Sprites/Generation II/Country.png using Guid(451d65105ce344d42a19edef6a62ad2d) Importer(815301076,1909f56bfc062723c751e8b465ee728b)  -> (artifact id: '517a61f0730441525242d98dcb331761') in 0.032856 seconds
  Import took 0.037016 seconds .

========================================================================
Received Import Request.
  Time since last request: 1.852734 seconds.
  path: Assets/Prefabs/Generation II/Earth.prefab
  artifactKey: Guid(53fef08254df8cc499aa600d66a1c03e) Importer(815301076,1909f56bfc062723c751e8b465ee728b)
Start importing Assets/Prefabs/Generation II/Earth.prefab using Guid(53fef08254df8cc499aa600d66a1c03e) Importer(815301076,1909f56bfc062723c751e8b465ee728b)  -> (artifact id: '7db4b805cd3a4b6edf805a3d82efb285') in 0.006130 seconds
  Import took 0.009692 seconds .

========================================================================
Received Import Request.
  Time since last request: 6.868188 seconds.
  path: Assets/Prefabs/Generation II/Land.prefab
  artifactKey: Guid(7f3c4e2b8d8d05a49b4833db218c095e) Importer(815301076,1909f56bfc062723c751e8b465ee728b)
Start importing Assets/Prefabs/Generation II/Land.prefab using Guid(7f3c4e2b8d8d05a49b4833db218c095e) Importer(815301076,1909f56bfc062723c751e8b465ee728b)  -> (artifact id: 'ce067864fddabf443365f41e94e81af6') in 0.006669 seconds
  Import took 0.009472 seconds .

========================================================================
Received Import Request.
  Time since last request: 4.133944 seconds.
  path: Assets/Prefabs/Generation II/Lava.prefab
  artifactKey: Guid(7c5e9867eccdd864fbc76b77bcf0373c) Importer(815301076,1909f56bfc062723c751e8b465ee728b)
Start importing Assets/Prefabs/Generation II/Lava.prefab using Guid(7c5e9867eccdd864fbc76b77bcf0373c) Importer(815301076,1909f56bfc062723c751e8b465ee728b)  -> (artifact id: 'cfe9ced6aa86d1ecb64805fcde19a6fa') in 0.008589 seconds
  Import took 0.011475 seconds .

========================================================================
Received Import Request.
  Time since last request: 0.001406 seconds.
  path: Assets/Prefabs/Generation II/Lava.prefab
  artifactKey: Guid(7c5e9867eccdd864fbc76b77bcf0373c) Importer(815301076,1909f56bfc062723c751e8b465ee728b)
Start importing Assets/Prefabs/Generation II/Lava.prefab using Guid(7c5e9867eccdd864fbc76b77bcf0373c) Importer(815301076,1909f56bfc062723c751e8b465ee728b)  -> (artifact id: 'cfe9ced6aa86d1ecb64805fcde19a6fa') in 0.007117 seconds
  Import took 0.010000 seconds .

========================================================================
Received Import Request.
  Time since last request: 3.050605 seconds.
  path: Assets/Prefabs/Generation II/Mist.prefab
  artifactKey: Guid(4187a6cf4145c164fb28f0f140e5b07c) Importer(815301076,1909f56bfc062723c751e8b465ee728b)
Start importing Assets/Prefabs/Generation II/Mist.prefab using Guid(4187a6cf4145c164fb28f0f140e5b07c) Importer(815301076,1909f56bfc062723c751e8b465ee728b)  -> (artifact id: 'f61a26f7a505592f041811a0a82594bd') in 0.006193 seconds
  Import took 0.014039 seconds .

========================================================================
Received Import Request.
  Time since last request: 3.067823 seconds.
  path: Assets/Prefabs/Generation II/Mist.prefab
  artifactKey: Guid(4187a6cf4145c164fb28f0f140e5b07c) Importer(815301076,1909f56bfc062723c751e8b465ee728b)
Start importing Assets/Prefabs/Generation II/Mist.prefab using Guid(4187a6cf4145c164fb28f0f140e5b07c) Importer(815301076,1909f56bfc062723c751e8b465ee728b)  -> (artifact id: 'af4050b616999a324ce9f68fa5765a32') in 0.006616 seconds
  Import took 0.010468 seconds .

========================================================================
Received Import Request.
  Time since last request: 0.794264 seconds.
  path: Assets/Prefabs/Generation II/Mist.prefab
  artifactKey: Guid(4187a6cf4145c164fb28f0f140e5b07c) Importer(815301076,1909f56bfc062723c751e8b465ee728b)
Start importing Assets/Prefabs/Generation II/Mist.prefab using Guid(4187a6cf4145c164fb28f0f140e5b07c) Importer(815301076,1909f56bfc062723c751e8b465ee728b)  -> (artifact id: '6550238643399325c44d17782e89d224') in 0.009996 seconds
  Import took 0.013958 seconds .

========================================================================
Received Import Request.
  Time since last request: 0.001197 seconds.
  path: Assets/Prefabs/Generation II/Mist.prefab
  artifactKey: Guid(4187a6cf4145c164fb28f0f140e5b07c) Importer(815301076,1909f56bfc062723c751e8b465ee728b)
Start importing Assets/Prefabs/Generation II/Mist.prefab using Guid(4187a6cf4145c164fb28f0f140e5b07c) Importer(815301076,1909f56bfc062723c751e8b465ee728b)  -> (artifact id: '6550238643399325c44d17782e89d224') in 0.005771 seconds
  Import took 0.008671 seconds .

========================================================================
Received Import Request.
  Time since last request: 1.550915 seconds.
  path: Assets/Prefabs/Generation II/Mud.prefab
  artifactKey: Guid(86b6305c5115d634789f82c8f7bfc066) Importer(815301076,1909f56bfc062723c751e8b465ee728b)
Start importing Assets/Prefabs/Generation II/Mud.prefab using Guid(86b6305c5115d634789f82c8f7bfc066) Importer(815301076,1909f56bfc062723c751e8b465ee728b)  -> (artifact id: 'ec372940ed89e8f182c2fde3ab32294f') in 0.005931 seconds
  Import took 0.011315 seconds .

========================================================================
Received Import Request.
  Time since last request: 1.663619 seconds.
  path: Assets/Prefabs/Generation II/Mud.prefab
  artifactKey: Guid(86b6305c5115d634789f82c8f7bfc066) Importer(815301076,1909f56bfc062723c751e8b465ee728b)
Start importing Assets/Prefabs/Generation II/Mud.prefab using Guid(86b6305c5115d634789f82c8f7bfc066) Importer(815301076,1909f56bfc062723c751e8b465ee728b)  -> (artifact id: 'b1327a24c87215882951a23fbc791b8f') in 0.009636 seconds
  Import took 0.013518 seconds .

========================================================================
Received Import Request.
  Time since last request: 1.455090 seconds.
  path: Assets/Prefabs/Generation II/Smoke.prefab
  artifactKey: Guid(9dd428d24cdaf334c94fc6a033f3ffb3) Importer(815301076,1909f56bfc062723c751e8b465ee728b)
Start importing Assets/Prefabs/Generation II/Smoke.prefab using Guid(9dd428d24cdaf334c94fc6a033f3ffb3) Importer(815301076,1909f56bfc062723c751e8b465ee728b)  -> (artifact id: '6c2bf7ab834f72e99938a9d210912f82') in 0.006134 seconds
  Import took 0.008946 seconds .

========================================================================
Received Import Request.
  Time since last request: 2.484629 seconds.
  path: Assets/Prefabs/Generation II/Smoke.prefab
  artifactKey: Guid(9dd428d24cdaf334c94fc6a033f3ffb3) Importer(815301076,1909f56bfc062723c751e8b465ee728b)
Start importing Assets/Prefabs/Generation II/Smoke.prefab using Guid(9dd428d24cdaf334c94fc6a033f3ffb3) Importer(815301076,1909f56bfc062723c751e8b465ee728b)  -> (artifact id: '2507ef9c9b6cb77067f631def610abbc') in 0.007935 seconds
  Import took 0.010887 seconds .

========================================================================
Received Import Request.
  Time since last request: 4.539742 seconds.
  path: Assets/Prefabs/Generation II/Steam.prefab
  artifactKey: Guid(197d998e4bfa80f458f9f76d81cfd61f) Importer(815301076,1909f56bfc062723c751e8b465ee728b)
Start importing Assets/Prefabs/Generation II/Steam.prefab using Guid(197d998e4bfa80f458f9f76d81cfd61f) Importer(815301076,1909f56bfc062723c751e8b465ee728b)  -> (artifact id: 'b20310adabeef5553fe22432fcd9223d') in 0.006007 seconds
  Import took 0.008937 seconds .

========================================================================
Received Prepare
Registering precompiled user dll's ...
Registered in 0.000840 seconds.
Begin MonoManager ReloadAssembly
Native extension for WindowsStandalone target not found
Refreshing native plugins compatible for Editor in 1.09 ms, found 1 plugins.
Preloading 0 native plugins for Editor in 0.00 ms.
Invoked RoslynAnalysisRunner static constructor.
RoslynAnalysisRunner will not be running.
RoslynAnalysisRunner has terminated.
Mono: successfully reloaded assembly
- Completed reload, in  0.854 seconds
Platform modules already initialized, skipping
Refreshing native plugins compatible for Editor in 0.38 ms, found 1 plugins.
Preloading 0 native plugins for Editor in 0.00 ms.
Unloading 1801 Unused Serialized files (Serialized files now loaded: 0)
System memory in use before: 88.1 MB.
System memory in use after: 88.1 MB.

Unloading 12 unused Assets to reduce memory usage. Loaded Objects now: 2276.
Total: 1.871600 ms (FindLiveObjects: 0.212000 ms CreateObjectMapping: 0.072100 ms MarkObjects: 1.469300 ms  DeleteObjects: 0.116500 ms)

========================================================================
Received Import Request.
  Time since last request: 78.734831 seconds.
  path: Assets/Scripts/Combiner
  artifactKey: Guid(cb281a07ab676364c9cef2079e8740cd) Importer(815301076,1909f56bfc062723c751e8b465ee728b)
Start importing Assets/Scripts/Combiner using Guid(cb281a07ab676364c9cef2079e8740cd) Importer(815301076,1909f56bfc062723c751e8b465ee728b)  -> (artifact id: '25ef01559b648bacf9ed62df67dba133') in 0.003739 seconds
  Import took 0.006802 seconds .

========================================================================
Received Prepare
Registering precompiled user dll's ...
Registered in 0.001391 seconds.
Begin MonoManager ReloadAssembly
Native extension for WindowsStandalone target not found
Refreshing native plugins compatible for Editor in 0.36 ms, found 1 plugins.
Preloading 0 native plugins for Editor in 0.00 ms.
Invoked RoslynAnalysisRunner static constructor.
RoslynAnalysisRunner will not be running.
RoslynAnalysisRunner has terminated.
Mono: successfully reloaded assembly
- Completed reload, in  0.743 seconds
Platform modules already initialized, skipping
Refreshing native plugins compatible for Editor in 0.32 ms, found 1 plugins.
Preloading 0 native plugins for Editor in 0.00 ms.
Unloading 1801 Unused Serialized files (Serialized files now loaded: 0)
System memory in use before: 88.2 MB.
System memory in use after: 88.2 MB.

Unloading 12 unused Assets to reduce memory usage. Loaded Objects now: 2279.
Total: 1.782300 ms (FindLiveObjects: 0.180600 ms CreateObjectMapping: 0.066100 ms MarkObjects: 1.443800 ms  DeleteObjects: 0.090700 ms)

AssetImportWorkerClient::OnTransportError - code=2 error=End of file
